Build started 3/4/2017 1:58:45 AM.
     1>Project "E:\my projects\projects\uni\sec year second term\Last Chess\ConsoleApplication1\ConsoleApplication1.vcxproj" on node 2 (Build target(s)).
     1>ClCompile:
         C:\Program Files (x86)\Microsoft Visual Studio 12.0\VC\bin\CL.exe /c /I"C:\Program Files (x86)\SFML-2.3.2\include" /ZI /nologo /W3 /WX- /Od /Oy- /D WIN32 /D _DEBUG /D _CONSOLE /D _UNICODE /D UNICODE /Gm /EHsc /RTC1 /MDd /GS /fp:precise /Zc:wchar_t /Zc:forScope /Fo"Debug\\" /Fd"Debug\vc120.pdb" /Gd /TP /analyze- /errorReport:prompt Bishop.cpp King.cpp Knight.cpp Main.cpp MenuBase.cpp MenuExit.cpp MenuOptions.cpp Queen.cpp Rock.cpp chessBoard.cpp chessPiece.cpp pawn.cpp
         pawn.cpp
     1>e:\my projects\projects\uni\sec year second term\last chess\consoleapplication1\chesspiece.h(3): fatal error C1083: Cannot open include file: 'SFML/Graphics.hpp': No such file or directory
         chessPiece.cpp
     1>e:\my projects\projects\uni\sec year second term\last chess\consoleapplication1\chesspiece.h(3): fatal error C1083: Cannot open include file: 'SFML/Graphics.hpp': No such file or directory
         chessBoard.cpp
     1>e:\my projects\projects\uni\sec year second term\last chess\consoleapplication1\chesspiece.h(3): fatal error C1083: Cannot open include file: 'SFML/Graphics.hpp': No such file or directory
         Rock.cpp
     1>e:\my projects\projects\uni\sec year second term\last chess\consoleapplication1\chesspiece.h(3): fatal error C1083: Cannot open include file: 'SFML/Graphics.hpp': No such file or directory
         Queen.cpp
     1>e:\my projects\projects\uni\sec year second term\last chess\consoleapplication1\chesspiece.h(3): fatal error C1083: Cannot open include file: 'SFML/Graphics.hpp': No such file or directory
         MenuOptions.cpp
     1>e:\my projects\projects\uni\sec year second term\last chess\consoleapplication1\menuoptions.h(3): fatal error C1083: Cannot open include file: 'SFML\Graphics.hpp': No such file or directory
         MenuExit.cpp
     1>e:\my projects\projects\uni\sec year second term\last chess\consoleapplication1\menuexit.h(3): fatal error C1083: Cannot open include file: 'SFML\Graphics.hpp': No such file or directory
         MenuBase.cpp
     1>e:\my projects\projects\uni\sec year second term\last chess\consoleapplication1\menubase.h(3): fatal error C1083: Cannot open include file: 'SFML\Graphics.hpp': No such file or directory
         Main.cpp
     1>e:\my projects\projects\uni\sec year second term\last chess\consoleapplication1\chesspiece.h(3): fatal error C1083: Cannot open include file: 'SFML/Graphics.hpp': No such file or directory
         Knight.cpp
     1>e:\my projects\projects\uni\sec year second term\last chess\consoleapplication1\chesspiece.h(3): fatal error C1083: Cannot open include file: 'SFML/Graphics.hpp': No such file or directory
         King.cpp
     1>e:\my projects\projects\uni\sec year second term\last chess\consoleapplication1\chesspiece.h(3): fatal error C1083: Cannot open include file: 'SFML/Graphics.hpp': No such file or directory
         Bishop.cpp
     1>e:\my projects\projects\uni\sec year second term\last chess\consoleapplication1\chesspiece.h(3): fatal error C1083: Cannot open include file: 'SFML/Graphics.hpp': No such file or directory
         Generating Code...
     1>Done Building Project "E:\my projects\projects\uni\sec year second term\Last Chess\ConsoleApplication1\ConsoleApplication1.vcxproj" (Build target(s)) -- FAILED.

Build FAILED.

Time Elapsed 00:00:04.67
